<?xml version="1.0" encoding="UTF-8"?>
<testsuite name="CarTest" tests="5" skipped="0" failures="0" errors="0" timestamp="2018-05-13T08:53:49" hostname="Anjas-MacBook-Air-2.local" time="0.003">
  <properties/>
  <testcase name="carConstrAndGetter1" classname="CarTest" time="0.0"/>
  <testcase name="carConstrAndGetter2" classname="CarTest" time="0.0"/>
  <testcase name="setLicencePlate" classname="CarTest" time="0.001"/>
  <testcase name="commissionIt" classname="CarTest" time="0.001"/>
  <testcase name="commissionItAndReset" classname="CarTest" time="0.0"/>
  <system-out><![CDATA[]]></system-out>
  <system-err><![CDATA[]]></system-err>
</testsuite>
